<?xml version="1.0" encoding="UTF-8"?>
<testng-results ignored="0" total="1" passed="1" failed="0" skipped="0">
  <reporter-output>
  </reporter-output>
  <suite started-at="2020-09-03T14:13:28 CDT" name="RegressionSuite" finished-at="2020-09-03T14:13:28 CDT" duration-ms="55">
    <groups>
      <group name="Sanity">
        <method signature="Sanity.s1()[pri:0, instance:Sanity.Sanity@4f9a3314]" name="s1" class="Sanity.Sanity"/>
      </group> <!-- Sanity -->
    </groups>
    <test started-at="2020-09-03T14:13:28 CDT" name="RegressionTest" finished-at="2020-09-03T14:13:28 CDT" duration-ms="55">
      <class name="Sanity.Sanity">
        <test-method signature="s1()[pri:0, instance:Sanity.Sanity@4f9a3314]" started-at="2020-09-03T14:13:28 CDT" name="s1" finished-at="2020-09-03T14:13:28 CDT" duration-ms="5" status="PASS">
          <reporter-output>
          </reporter-output>
        </test-method> <!-- s1 -->
      </class> <!-- Sanity.Sanity -->
    </test> <!-- RegressionTest -->
  </suite> <!-- RegressionSuite -->
</testng-results>
