<?xml version="1.0" encoding="UTF-8"?>
<testng-results ignored="0" total="1" passed="1" failed="0" skipped="0">
  <reporter-output>
  </reporter-output>
  <suite started-at="2020-09-03T04:48:05 CDT" name="RegressionSuite" finished-at="2020-09-03T04:48:05 CDT" duration-ms="36">
    <groups>
      <group name="Sanity">
        <method signature="Sanity.r1()[pri:0, instance:Sanity.Sanity@4f9a3314]" name="r1" class="Sanity.Sanity"/>
      </group> <!-- Sanity -->
    </groups>
    <test started-at="2020-09-03T04:48:05 CDT" name="RegressionTest" finished-at="2020-09-03T04:48:05 CDT" duration-ms="36">
      <class name="Sanity.Sanity">
        <test-method signature="r1()[pri:0, instance:Sanity.Sanity@4f9a3314]" started-at="2020-09-03T04:48:05 CDT" name="r1" finished-at="2020-09-03T04:48:05 CDT" duration-ms="4" status="PASS">
          <reporter-output>
          </reporter-output>
        </test-method> <!-- r1 -->
      </class> <!-- Sanity.Sanity -->
    </test> <!-- RegressionTest -->
  </suite> <!-- RegressionSuite -->
</testng-results>
